[2025-05-20T23:39:21.806+0000] {taskinstance.py:1159} INFO - Dependencies all met for dep_context=non-requeueable deps ti=<TaskInstance: pipeline_dados.process_silver_to_gold manual__2025-05-20T23:38:36.090934+00:00 [queued]>
[2025-05-20T23:39:21.825+0000] {taskinstance.py:1159} INFO - Dependencies all met for dep_context=requeueable deps ti=<TaskInstance: pipeline_dados.process_silver_to_gold manual__2025-05-20T23:38:36.090934+00:00 [queued]>
[2025-05-20T23:39:21.826+0000] {taskinstance.py:1361} INFO - Starting attempt 1 of 2
[2025-05-20T23:39:21.975+0000] {taskinstance.py:1382} INFO - Executing <Task(PythonOperator): process_silver_to_gold> on 2025-05-20 23:38:36.090934+00:00
[2025-05-20T23:39:21.987+0000] {standard_task_runner.py:57} INFO - Started process 251 to run task
[2025-05-20T23:39:21.995+0000] {standard_task_runner.py:84} INFO - Running: ['airflow', 'tasks', 'run', 'pipeline_dados', 'process_silver_to_gold', 'manual__2025-05-20T23:38:36.090934+00:00', '--job-id', '54', '--raw', '--subdir', 'DAGS_FOLDER/dag_pipeline_dados.py', '--cfg-path', '/tmp/tmpmcxym6i1']
[2025-05-20T23:39:21.999+0000] {standard_task_runner.py:85} INFO - Job 54: Subtask process_silver_to_gold
[2025-05-20T23:39:22.299+0000] {task_command.py:415} INFO - Running <TaskInstance: pipeline_dados.process_silver_to_gold manual__2025-05-20T23:38:36.090934+00:00 [running]> on host 3041e8c3efe8
[2025-05-20T23:39:23.828+0000] {taskinstance.py:1660} INFO - Exporting env vars: AIRFLOW_CTX_DAG_OWNER='airflow' AIRFLOW_CTX_DAG_ID='pipeline_dados' AIRFLOW_CTX_TASK_ID='process_silver_to_gold' AIRFLOW_CTX_EXECUTION_DATE='2025-05-20T23:38:36.090934+00:00' AIRFLOW_CTX_TRY_NUMBER='1' AIRFLOW_CTX_DAG_RUN_ID='manual__2025-05-20T23:38:36.090934+00:00'
[2025-05-20T23:39:24.034+0000] {dag_pipeline_dados.py:209} INFO - Dados da camada Prata carregados com sucesso.
[2025-05-20T23:39:24.110+0000] {dag_pipeline_dados.py:224} INFO - Faixas etárias criadas com sucesso.
[2025-05-20T23:39:24.169+0000] {dag_pipeline_dados.py:228} INFO - Dados agregados por faixa etária e status.
[2025-05-20T23:39:24.173+0000] {dag_pipeline_dados.py:234} INFO - 💾 Dados salvos na Gold | Registros: 20
[2025-05-20T23:39:24.174+0000] {dag_pipeline_dados.py:235} INFO - 📁 Local: /opt/airflow/data/gold/dados_gold.csv
[2025-05-20T23:39:24.187+0000] {dag_pipeline_dados.py:236} INFO - 🔎 Amostra final:
|    | age_range   | subscription_status   |   user_count |
|---:|:------------|:----------------------|-------------:|
|  0 | 0-10        | active                |            0 |
|  1 | 0-10        | inactive              |            0 |
|  2 | 11-20       | active                |          616 |
[2025-05-20T23:39:24.197+0000] {python.py:194} INFO - Done. Returned value was: Transformações para a camada Ouro concluídas
[2025-05-20T23:39:24.354+0000] {taskinstance.py:1400} INFO - Marking task as SUCCESS. dag_id=pipeline_dados, task_id=process_silver_to_gold, execution_date=20250520T233836, start_date=20250520T233921, end_date=20250520T233924
[2025-05-20T23:39:24.543+0000] {local_task_job_runner.py:228} INFO - Task exited with return code 0
[2025-05-20T23:39:24.573+0000] {taskinstance.py:2784} INFO - 0 downstream tasks scheduled from follow-on schedule check
