[2025-05-21T00:05:05.481+0000] {taskinstance.py:1159} INFO - Dependencies all met for dep_context=non-requeueable deps ti=<TaskInstance: pipeline_dados.process_bronze_to_silver scheduled__2025-05-20T00:00:00+00:00 [queued]>
[2025-05-21T00:05:05.493+0000] {taskinstance.py:1159} INFO - Dependencies all met for dep_context=requeueable deps ti=<TaskInstance: pipeline_dados.process_bronze_to_silver scheduled__2025-05-20T00:00:00+00:00 [queued]>
[2025-05-21T00:05:05.493+0000] {taskinstance.py:1361} INFO - Starting attempt 1 of 2
[2025-05-21T00:05:05.600+0000] {taskinstance.py:1382} INFO - Executing <Task(PythonOperator): process_bronze_to_silver> on 2025-05-20 00:00:00+00:00
[2025-05-21T00:05:05.608+0000] {standard_task_runner.py:57} INFO - Started process 344 to run task
[2025-05-21T00:05:05.613+0000] {standard_task_runner.py:84} INFO - Running: ['airflow', 'tasks', 'run', 'pipeline_dados', 'process_bronze_to_silver', 'scheduled__2025-05-20T00:00:00+00:00', '--job-id', '56', '--raw', '--subdir', 'DAGS_FOLDER/dag_pipeline_dados.py', '--cfg-path', '/tmp/tmpnb63xdl1']
[2025-05-21T00:05:05.615+0000] {standard_task_runner.py:85} INFO - Job 56: Subtask process_bronze_to_silver
[2025-05-21T00:05:05.782+0000] {task_command.py:415} INFO - Running <TaskInstance: pipeline_dados.process_bronze_to_silver scheduled__2025-05-20T00:00:00+00:00 [running]> on host 3041e8c3efe8
[2025-05-21T00:05:06.813+0000] {taskinstance.py:1660} INFO - Exporting env vars: AIRFLOW_CTX_DAG_OWNER='airflow' AIRFLOW_CTX_DAG_ID='pipeline_dados' AIRFLOW_CTX_TASK_ID='process_bronze_to_silver' AIRFLOW_CTX_EXECUTION_DATE='2025-05-20T00:00:00+00:00' AIRFLOW_CTX_TRY_NUMBER='1' AIRFLOW_CTX_DAG_RUN_ID='scheduled__2025-05-20T00:00:00+00:00'
[2025-05-21T00:05:06.814+0000] {dag_pipeline_dados.py:87} INFO - 📥 Carregando dados da camada Bronze...
[2025-05-21T00:05:07.096+0000] {dag_pipeline_dados.py:89} INFO - ✅ Dados carregados | Registros: 99999
[2025-05-21T00:05:07.100+0000] {dag_pipeline_dados.py:90} INFO - 🔍 Amostra dos dados brutos:
|    |   id | name        | email                  | date_of_birth   | signup_date   | subscription_status   |
|---:|-----:|:------------|:-----------------------|:----------------|:--------------|:----------------------|
|  0 |    1 | John Doe    | john.doe@example.com   | 1985-01-15      | 2020-11-01    | active                |
|  1 |    2 | Jane Smith  | jane.smith@example.com | 1990-05-22      | 2019-06-17    | active                |
|  2 |    3 | Bob Johnson | bob.johnson@example    | 1977-03-30      | 2018-12-12    | inactive              |
[2025-05-21T00:05:07.100+0000] {dag_pipeline_dados.py:93} INFO - 🧹 Removendo registros com valores nulos...
[2025-05-21T00:05:07.219+0000] {dag_pipeline_dados.py:95} INFO - 📊 Registros após limpeza: 42196 (removidos: 57803)
[2025-05-21T00:05:07.220+0000] {dag_pipeline_dados.py:98} INFO - ✉️ Corrigindo formatos de email...
[2025-05-21T00:05:07.247+0000] {dag_pipeline_dados.py:100} INFO - 🔧 Emails a corrigir: 21293
[2025-05-21T00:05:07.290+0000] {logging_mixin.py:151} WARNING - /opt/airflow/dags/dag_pipeline_dados.py:102 SettingWithCopyWarning: 
A value is trying to be set on a copy of a slice from a DataFrame.
Try using .loc[row_indexer,col_indexer] = value instead

See the caveats in the documentation: https://pandas.pydata.org/pandas-docs/stable/user_guide/indexing.html#returning-a-view-versus-a-copy
[2025-05-21T00:05:07.298+0000] {dag_pipeline_dados.py:105} INFO - 📩 Amostra de emails corrigidos:
|    | email                       |
|---:|:----------------------------|
| 10 | williamscharles@example.net |
| 12 | beckermichael@example.net   |
| 17 | wrightlisa@example.net      |
[2025-05-21T00:05:07.298+0000] {dag_pipeline_dados.py:109} INFO - 📅 Convertendo datas de nascimento...
[2025-05-21T00:05:07.341+0000] {logging_mixin.py:151} WARNING - /opt/airflow/dags/dag_pipeline_dados.py:110 SettingWithCopyWarning: 
A value is trying to be set on a copy of a slice from a DataFrame.
Try using .loc[row_indexer,col_indexer] = value instead

See the caveats in the documentation: https://pandas.pydata.org/pandas-docs/stable/user_guide/indexing.html#returning-a-view-versus-a-copy
[2025-05-21T00:05:07.342+0000] {dag_pipeline_dados.py:112} INFO - ⚠️ Datas inválidas detectadas: 0
[2025-05-21T00:05:07.360+0000] {dag_pipeline_dados.py:115} INFO - 🗓️ Registros após filtro de datas: 42196
[2025-05-21T00:05:07.361+0000] {dag_pipeline_dados.py:118} INFO - 🧮 Calculando idades...
[2025-05-21T00:05:07.634+0000] {dag_pipeline_dados.py:123} INFO - 📊 Distribuição de idades:
|       |        age |
|:------|-----------:|
| count | 42196      |
| mean  |    54.8828 |
| std   |    21.0821 |
| min   |    18      |
| 25%   |    37      |
| 50%   |    55      |
| 75%   |    73      |
| max   |    91      |
[2025-05-21T00:05:07.985+0000] {dag_pipeline_dados.py:129} INFO - 💾 Dados salvos na Silver | Registros: 42196
[2025-05-21T00:05:07.985+0000] {dag_pipeline_dados.py:130} INFO - 📁 Local: /opt/airflow/data/silver/dados_silver.csv
[2025-05-21T00:05:07.990+0000] {dag_pipeline_dados.py:131} INFO - 🔎 Amostra final:
|    |   id | name        | email                  | date_of_birth       | signup_date   | subscription_status   |   age |
|---:|-----:|:------------|:-----------------------|:--------------------|:--------------|:----------------------|------:|
|  0 |    1 | John Doe    | john.doe@example.com   | 1985-01-15 00:00:00 | 2020-11-01    | active                |    40 |
|  1 |    2 | Jane Smith  | jane.smith@example.com | 1990-05-22 00:00:00 | 2019-06-17    | active                |    34 |
|  2 |    3 | Bob Johnson | bob.johnson@example    | 1977-03-30 00:00:00 | 2018-12-12    | inactive              |    48 |
[2025-05-21T00:05:08.001+0000] {python.py:194} INFO - Done. Returned value was: None
[2025-05-21T00:05:08.010+0000] {taskinstance.py:1400} INFO - Marking task as SUCCESS. dag_id=pipeline_dados, task_id=process_bronze_to_silver, execution_date=20250520T000000, start_date=20250521T000505, end_date=20250521T000508
[2025-05-21T00:05:08.193+0000] {local_task_job_runner.py:228} INFO - Task exited with return code 0
[2025-05-21T00:05:08.245+0000] {taskinstance.py:2784} INFO - 1 downstream tasks scheduled from follow-on schedule check
