[2025-05-20T23:02:59.516+0000] {taskinstance.py:1159} INFO - Dependencies all met for dep_context=non-requeueable deps ti=<TaskInstance: pipeline_dados.upload_raw_data_to_bronze manual__2025-05-20T23:02:47.307988+00:00 [queued]>
[2025-05-20T23:02:59.534+0000] {taskinstance.py:1159} INFO - Dependencies all met for dep_context=requeueable deps ti=<TaskInstance: pipeline_dados.upload_raw_data_to_bronze manual__2025-05-20T23:02:47.307988+00:00 [queued]>
[2025-05-20T23:02:59.534+0000] {taskinstance.py:1361} INFO - Starting attempt 1 of 2
[2025-05-20T23:02:59.716+0000] {taskinstance.py:1382} INFO - Executing <Task(PythonOperator): upload_raw_data_to_bronze> on 2025-05-20 23:02:47.307988+00:00
[2025-05-20T23:02:59.729+0000] {standard_task_runner.py:57} INFO - Started process 76 to run task
[2025-05-20T23:02:59.741+0000] {standard_task_runner.py:84} INFO - Running: ['airflow', 'tasks', 'run', 'pipeline_dados', 'upload_raw_data_to_bronze', 'manual__2025-05-20T23:02:47.307988+00:00', '--job-id', '49', '--raw', '--subdir', 'DAGS_FOLDER/dag_pipeline_dados.py', '--cfg-path', '/tmp/tmp2nhp4hol']
[2025-05-20T23:02:59.746+0000] {standard_task_runner.py:85} INFO - Job 49: Subtask upload_raw_data_to_bronze
[2025-05-20T23:03:00.159+0000] {task_command.py:415} INFO - Running <TaskInstance: pipeline_dados.upload_raw_data_to_bronze manual__2025-05-20T23:02:47.307988+00:00 [running]> on host 3041e8c3efe8
[2025-05-20T23:03:01.558+0000] {taskinstance.py:1660} INFO - Exporting env vars: AIRFLOW_CTX_DAG_OWNER='airflow' AIRFLOW_CTX_DAG_ID='pipeline_dados' AIRFLOW_CTX_TASK_ID='upload_raw_data_to_bronze' AIRFLOW_CTX_EXECUTION_DATE='2025-05-20T23:02:47.307988+00:00' AIRFLOW_CTX_TRY_NUMBER='1' AIRFLOW_CTX_DAG_RUN_ID='manual__2025-05-20T23:02:47.307988+00:00'
[2025-05-20T23:03:01.559+0000] {dag_pipeline_dados.py:41} INFO - 🔵 Iniciando upload para camada Bronze...
[2025-05-20T23:03:01.560+0000] {dag_pipeline_dados.py:42} INFO - 📤 Origem: /opt/airflow/data/raw/raw_data.csv
[2025-05-20T23:03:01.560+0000] {dag_pipeline_dados.py:43} INFO - 📥 Destino: /opt/airflow/data/bronze/dados_bronze.csv
[2025-05-20T23:03:01.974+0000] {dag_pipeline_dados.py:52} INFO - 📋 Amostra dos dados brutos (3 primeiras linhas):
 id        name                  email date_of_birth signup_date subscription_status
  1    John Doe   john.doe@example.com    1985-01-15  2020-11-01              active
  2  Jane Smith jane.smith@example.com    1990-05-22  2019-06-17              active
  3 Bob Johnson    bob.johnson@example    1977-03-30  2018-12-12            inactive
[2025-05-20T23:03:01.990+0000] {dag_pipeline_dados.py:56} INFO - 📊 Estatísticas descritivas:
                 id
count  99999.000000
mean   50000.000000
std    28867.369122
min        1.000000
25%    25000.500000
50%    50000.000000
75%    74999.500000
max    99999.000000
[2025-05-20T23:03:03.012+0000] {dag_pipeline_dados.py:63} INFO - ✅ Dados brutos salvos com sucesso na Bronze
[2025-05-20T23:03:03.012+0000] {dag_pipeline_dados.py:64} INFO - 📊 Total de registros: 99999
[2025-05-20T23:03:03.013+0000] {dag_pipeline_dados.py:65} INFO - 💾 Tamanho do arquivo: 5989.70 KB
[2025-05-20T23:03:03.029+0000] {python.py:194} INFO - Done. Returned value was: None
[2025-05-20T23:03:03.042+0000] {taskinstance.py:1400} INFO - Marking task as SUCCESS. dag_id=pipeline_dados, task_id=upload_raw_data_to_bronze, execution_date=20250520T230247, start_date=20250520T230259, end_date=20250520T230303
[2025-05-20T23:03:03.384+0000] {local_task_job_runner.py:228} INFO - Task exited with return code 0
[2025-05-20T23:03:03.464+0000] {taskinstance.py:2784} INFO - 1 downstream tasks scheduled from follow-on schedule check
